[09:47:24] [main/INFO]: Environment: Environment[sessionHost=https://sessionserver.mojang.com, servicesHost=https://api.minecraftservices.com, profilesHost=https://api.mojang.com, name=PROD]
[09:47:25] [Worker-Main-20/INFO]: No existing world data, creating new world
[09:47:26] [main/INFO]: Loaded 1515 recipes
[09:47:26] [main/INFO]: Loaded 1617 advancements
[09:47:26] [Server thread/INFO]: Starting minecraft server version 26.1.2
[09:47:26] [Server thread/INFO]: Loading properties
[09:47:26] [Server thread/INFO]: Default game type: SURVIVAL
[09:47:26] [Server thread/INFO]: Generating keypair
[09:47:26] [Server thread/INFO]: Starting Minecraft server on *:25566
[09:47:26] [Server thread/WARN]: **** SERVER IS RUNNING IN OFFLINE/INSECURE MODE!
[09:47:26] [Server thread/WARN]: The server will make no attempt to authenticate usernames. Beware.
[09:47:26] [Server thread/WARN]: While this makes the game possible to play without internet access, it also opens up the ability for hackers to connect with any username they choose.
[09:47:26] [Server thread/WARN]: To change this, set "online-mode" to "true" in the server.properties file.
[09:47:26] [Server thread/INFO]: Preparing level "world"
[09:47:26] [Server thread/INFO]: Selecting global world spawn...
[09:47:28] [Server thread/INFO]: Loading 0 persistent chunks...
[09:47:28] [Server thread/INFO]: Preparing spawn area: 100%
[09:47:28] [Server thread/INFO]: Time elapsed: 1797 ms
[09:47:28] [Server thread/INFO]: Done (2.013s)! For help, type "help"
[09:47:28] [Server thread/INFO]: Saving chunks for level 'ServerLevel[world]'/minecraft:overworld
[09:47:28] [Server thread/INFO]: Saving chunks for level 'ServerLevel[world]'/minecraft:the_end
[09:47:28] [Server thread/INFO]: Saving chunks for level 'ServerLevel[world]'/minecraft:the_nether
[09:47:28] [Server thread/INFO]: ThreadedAnvilChunkStorage (world): All chunks are saved
[09:47:28] [Server thread/INFO]: ThreadedAnvilChunkStorage (DIM1): All chunks are saved
[09:47:28] [Server thread/INFO]: ThreadedAnvilChunkStorage (DIM-1): All chunks are saved
[09:47:28] [Server thread/INFO]: ThreadedAnvilChunkStorage: All dimensions are saved
[09:48:28] [Server thread/INFO]: Server empty for 60 seconds, pausing
[09:50:51] [Server thread/INFO]: RegistryCapture (/127.0.0.1:62194) lost connection: Internal Exception: java.io.IOException: An established connection was aborted by the software in your host machine
[09:52:14] [Server thread/INFO]: RegistryCapture (/127.0.0.1:57526) lost connection: Timed out
[09:53:03] [Server thread/INFO]: RegistryCapture (/127.0.0.1:57687) lost connection: Internal Exception: io.netty.handler.codec.DecoderException: Badly compressed packet - size of 3 is below server threshold of 256
[09:53:55] [Server thread/INFO]: RegistryCapture (e01f7f30-c00b-3ae3-822a-d670b77b45a9) lost connection: Disconnected
[09:54:33] [Server thread/INFO]: RegistryCapture (e01f7f30-c00b-3ae3-822a-d670b77b45a9) lost connection: Disconnected
